<?xml version="1.0" encoding="UTF-8"?>
<testsuite xmlns:xsi="http://www.w3.org/2001/XMLSchema-instance" xsi:noNamespaceSchemaLocation="https://maven.apache.org/surefire/maven-surefire-plugin/xsd/surefire-test-report-3.0.xsd" version="3.0" name="flightapp.FlightServiceTest" time="86.093" tests="42" errors="0" skipped="0" failures="0">
  <properties>
[...]
</properties>
  <testcase name="runTest[0]" classname="flightapp.FlightServiceTest" time="2.966"/>
  <testcase name="runTest[1]" classname="flightapp.FlightServiceTest" time="1.591"/>
  <testcase name="runTest[2]" classname="flightapp.FlightServiceTest" time="3.189"/>
  <testcase name="runTest[3]" classname="flightapp.FlightServiceTest" time="1.904"/>
  <testcase name="runTest[4]" classname="flightapp.FlightServiceTest" time="0.496"/>
  <testcase name="runTest[5]" classname="flightapp.FlightServiceTest" time="0.901"/>
  <testcase name="runTest[6]" classname="flightapp.FlightServiceTest" time="2.411"/>
  <testcase name="runTest[7]" classname="flightapp.FlightServiceTest" time="0.819"/>
  <testcase name="runTest[8]" classname="flightapp.FlightServiceTest" time="4.703"/>
  <testcase name="runTest[9]" classname="flightapp.FlightServiceTest" time="1.899"/>
  <testcase name="runTest[10]" classname="flightapp.FlightServiceTest" time="5.072"/>
  <testcase name="runTest[11]" classname="flightapp.FlightServiceTest" time="1.089"/>
  <testcase name="runTest[12]" classname="flightapp.FlightServiceTest" time="2.934"/>
  <testcase name="runTest[13]" classname="flightapp.FlightServiceTest" time="0.787"/>
  <testcase name="runTest[14]" classname="flightapp.FlightServiceTest" time="1.545"/>
  <testcase name="runTest[15]" classname="flightapp.FlightServiceTest" time="0.97"/>
  <testcase name="runTest[16]" classname="flightapp.FlightServiceTest" time="2.954"/>
  <testcase name="runTest[17]" classname="flightapp.FlightServiceTest" time="1.98"/>
  <testcase name="runTest[18]" classname="flightapp.FlightServiceTest" time="1.673"/>
  <testcase name="runTest[19]" classname="flightapp.FlightServiceTest" time="0.772"/>
  <testcase name="runTest[20]" classname="flightapp.FlightServiceTest" time="0.462"/>
  <testcase name="runTest[21]" classname="flightapp.FlightServiceTest" time="1.252"/>
  <testcase name="runTest[22]" classname="flightapp.FlightServiceTest" time="1.043"/>
  <testcase name="runTest[23]" classname="flightapp.FlightServiceTest" time="0.927"/>
  <testcase name="runTest[24]" classname="flightapp.FlightServiceTest" time="2.107"/>
  <testcase name="runTest[25]" classname="flightapp.FlightServiceTest" time="1.776"/>
  <testcase name="runTest[26]" classname="flightapp.FlightServiceTest" time="1.733"/>
  <testcase name="runTest[27]" classname="flightapp.FlightServiceTest" time="1.581"/>
  <testcase name="runTest[28]" classname="flightapp.FlightServiceTest" time="1.627"/>
  <testcase name="runTest[29]" classname="flightapp.FlightServiceTest" time="0.632"/>
  <testcase name="runTest[30]" classname="flightapp.FlightServiceTest" time="0.713"/>
  <testcase name="runTest[31]" classname="flightapp.FlightServiceTest" time="1.496"/>
  <testcase name="runTest[32]" classname="flightapp.FlightServiceTest" time="2.961"/>
  <testcase name="runTest[33]" classname="flightapp.FlightServiceTest" time="5.996"/>
  <testcase name="runTest[34]" classname="flightapp.FlightServiceTest" time="2.9"/>
  <testcase name="runTest[35]" classname="flightapp.FlightServiceTest" time="2.639"/>
  <testcase name="runTest[36]" classname="flightapp.FlightServiceTest" time="2.244"/>
  <testcase name="runTest[37]" classname="flightapp.FlightServiceTest" time="2.632"/>
  <testcase name="runTest[38]" classname="flightapp.FlightServiceTest" time="2.023"/>
  <testcase name="runTest[39]" classname="flightapp.FlightServiceTest" time="2.338"/>
  <testcase name="runTest[40]" classname="flightapp.FlightServiceTest" time="3.413"/>
  <testcase name="runTest[41]" classname="flightapp.FlightServiceTest" time="1.425"/>
</testsuite>